<?xml version="1.0" encoding="UTF-8"?>
<testsuite xmlns:xsi="http://www.w3.org/2001/XMLSchema-instance" xsi:schemaLocation="https://maven.apache.org/surefire/maven-surefire-plugin/xsd/surefire-test-report.xsd" name="TestSuite" time="21.462" tests="2" errors="0" skipped="0" failures="2">
  <properties>
[...]
</properties>
  <testcase name="test" classname="docker.ChromeTest1" time="1.042">
    <failure message="Error forwarding the new session Empty pool of VM for setup Capabilities {browserName: chrome, goog:chromeOptions: {args: [--no-sandbox, --headless, --disable-gpu, --disable-dev-shm-usage, --profile-directory=Default], extensions: []}, version: }&#10;Command duration or timeout: 235 milliseconds" type="org.openqa.selenium.WebDriverException">org.openqa.selenium.WebDriverException: 
Error forwarding the new session Empty pool of VM for setup Capabilities {browserName: chrome, goog:chromeOptions: {args: [--no-sandbox, --headless, --disable-gpu, --disable-dev-shm-usage, --profile-directory=Default], extensions: []}, version: }
Command duration or timeout: 235 milliseconds
	at docker.ChromeTest1.test(ChromeTest1.java:30)
Caused by: org.openqa.selenium.WebDriverException: 
Error forwarding the new session Empty pool of VM for setup Capabilities {browserName: chrome, goog:chromeOptions: {args: [--no-sandbox, --headless, --disable-gpu, --disable-dev-shm-usage, --profile-directory=Default], extensions: []}, version: }
Build info: version: '3.141.59', revision: 'e82be7d358', time: '2018-11-14T08:17:03'
System info: host: 'VIPIN', ip: '192.168.1.18', os.name: 'Windows 10', os.arch: 'amd64', os.version: '10.0', java.version: '1.8.0_181'
Driver info: driver.version: unknown
</failure>
    <system-err><![CDATA[Jun 03, 2021 12:12:51 AM org.openqa.selenium.remote.DesiredCapabilities firefox
INFO: Using `new FirefoxOptions()` is preferred to `DesiredCapabilities.firefox()`
Jun 03, 2021 12:12:51 AM org.openqa.selenium.remote.DesiredCapabilities chrome
INFO: Using `new ChromeOptions()` is preferred to `DesiredCapabilities.chrome()`
]]></system-err>
  </testcase>
  <testcase name="test" classname="docker.FirefoxTest" time="1.044">
    <failure message="Error forwarding the new session Empty pool of VM for setup Capabilities {acceptInsecureCerts: true, browserName: firefox, version: }&#10;Command duration or timeout: 245 milliseconds" type="org.openqa.selenium.WebDriverException">org.openqa.selenium.WebDriverException: 
Error forwarding the new session Empty pool of VM for setup Capabilities {acceptInsecureCerts: true, browserName: firefox, version: }
Command duration or timeout: 245 milliseconds
	at docker.FirefoxTest.test(FirefoxTest.java:20)
Caused by: org.openqa.selenium.WebDriverException: 
Error forwarding the new session Empty pool of VM for setup Capabilities {acceptInsecureCerts: true, browserName: firefox, version: }
Build info: version: '3.141.59', revision: 'e82be7d358', time: '2018-11-14T08:17:03'
System info: host: 'VIPIN', ip: '192.168.1.18', os.name: 'Windows 10', os.arch: 'amd64', os.version: '10.0', java.version: '1.8.0_181'
Driver info: driver.version: unknown
</failure>
  </testcase>
</testsuite>